{"/Users/sanpro/Development/react/todo-list-front/mockserver/config/mockserver.config.ts": {"path":"/Users/sanpro/Development/react/todo-list-front/mockserver/config/mockserver.config.ts","statementMap":{"0":{"start":{"line":3,"column":33},"end":{"line":32,"column":2}},"1":{"start":{"line":34,"column":0},"end":{"line":34,"column":22}}},"fnMap":{},"branchMap":{},"s":{"0":1,"1":1},"f":{},"b":{}}
,"/Users/sanpro/Development/react/todo-list-front/mockserver/routes/dynamicRoutes.ts": {"path":"/Users/sanpro/Development/react/todo-list-front/mockserver/routes/dynamicRoutes.ts","statementMap":{"0":{"start":{"line":2,"column":0},"end":{"line":2,"column":20}},"1":{"start":{"line":3,"column":0},"end":{"line":3,"column":24}},"2":{"start":{"line":4,"column":0},"end":{"line":4,"column":49}},"3":{"start":{"line":6,"column":0},"end":{"line":6,"column":45}},"4":{"start":{"line":7,"column":0},"end":{"line":7,"column":62}},"5":{"start":{"line":10,"column":37},"end":{"line":45,"column":1}},"6":{"start":{"line":11,"column":20},"end":{"line":11,"column":56}},"7":{"start":{"line":12,"column":25},"end":{"line":15,"column":7}},"8":{"start":{"line":12,"column":90},"end":{"line":15,"column":6}},"9":{"start":{"line":18,"column":41},"end":{"line":18,"column":117}},"10":{"start":{"line":18,"column":86},"end":{"line":18,"column":116}},"11":{"start":{"line":21,"column":4},"end":{"line":28,"column":7}},"12":{"start":{"line":22,"column":26},"end":{"line":22,"column":51}},"13":{"start":{"line":23,"column":26},"end":{"line":23,"column":41}},"14":{"start":{"line":24,"column":8},"end":{"line":27,"column":9}},"15":{"start":{"line":25,"column":33},"end":{"line":25,"column":57}},"16":{"start":{"line":26,"column":12},"end":{"line":26,"column":103}},"17":{"start":{"line":31,"column":4},"end":{"line":38,"column":7}},"18":{"start":{"line":32,"column":26},"end":{"line":32,"column":51}},"19":{"start":{"line":33,"column":32},"end":{"line":33,"column":117}},"20":{"start":{"line":34,"column":29},"end":{"line":34,"column":53}},"21":{"start":{"line":35,"column":8},"end":{"line":37,"column":9}},"22":{"start":{"line":36,"column":12},"end":{"line":36,"column":109}},"23":{"start":{"line":41,"column":4},"end":{"line":44,"column":7}},"24":{"start":{"line":42,"column":8},"end":{"line":42,"column":51}},"25":{"start":{"line":43,"column":8},"end":{"line":43,"column":30}},"26":{"start":{"line":10,"column":13},"end":{"line":10,"column":37}},"27":{"start":{"line":46,"column":26},"end":{"line":49,"column":1}},"28":{"start":{"line":47,"column":23},"end":{"line":47,"column":67}},"29":{"start":{"line":48,"column":4},"end":{"line":48,"column":42}},"30":{"start":{"line":51,"column":32},"end":{"line":67,"column":1}},"31":{"start":{"line":55,"column":24},"end":{"line":64,"column":16}},"32":{"start":{"line":56,"column":20},"end":{"line":56,"column":44}},"33":{"start":{"line":57,"column":8},"end":{"line":63,"column":9}},"34":{"start":{"line":59,"column":12},"end":{"line":59,"column":26}},"35":{"start":{"line":62,"column":12},"end":{"line":62,"column":56}},"36":{"start":{"line":66,"column":4},"end":{"line":66,"column":42}},"37":{"start":{"line":69,"column":23},"end":{"line":182,"column":1}},"38":{"start":{"line":70,"column":4},"end":{"line":181,"column":7}},"39":{"start":{"line":71,"column":69},"end":{"line":71,"column":164}},"40":{"start":{"line":73,"column":8},"end":{"line":180,"column":9}},"41":{"start":{"line":76,"column":16},"end":{"line":94,"column":19}},"42":{"start":{"line":77,"column":20},"end":{"line":77,"column":62}},"43":{"start":{"line":77,"column":55},"end":{"line":77,"column":62}},"44":{"start":{"line":79,"column":39},"end":{"line":79,"column":69}},"45":{"start":{"line":80,"column":20},"end":{"line":89,"column":21}},"46":{"start":{"line":81,"column":24},"end":{"line":88,"column":27}},"47":{"start":{"line":82,"column":48},"end":{"line":82,"column":96}},"48":{"start":{"line":84,"column":28},"end":{"line":87,"column":29}},"49":{"start":{"line":86,"column":32},"end":{"line":86,"column":142}},"50":{"start":{"line":86,"column":75},"end":{"line":86,"column":140}},"51":{"start":{"line":92,"column":46},"end":{"line":92,"column":98}},"52":{"start":{"line":93,"column":20},"end":{"line":93,"column":62}},"53":{"start":{"line":95,"column":16},"end":{"line":95,"column":71}},"54":{"start":{"line":97,"column":16},"end":{"line":109,"column":17}},"55":{"start":{"line":99,"column":41},"end":{"line":99,"column":59}},"56":{"start":{"line":100,"column":20},"end":{"line":107,"column":23}},"57":{"start":{"line":101,"column":24},"end":{"line":101,"column":66}},"58":{"start":{"line":101,"column":59},"end":{"line":101,"column":66}},"59":{"start":{"line":102,"column":37},"end":{"line":102,"column":67}},"60":{"start":{"line":104,"column":37},"end":{"line":104,"column":98}},"61":{"start":{"line":105,"column":24},"end":{"line":105,"column":53}},"62":{"start":{"line":106,"column":24},"end":{"line":106,"column":97}},"63":{"start":{"line":108,"column":20},"end":{"line":108,"column":78}},"64":{"start":{"line":110,"column":16},"end":{"line":110,"column":22}},"65":{"start":{"line":113,"column":16},"end":{"line":122,"column":19}},"66":{"start":{"line":114,"column":20},"end":{"line":114,"column":62}},"67":{"start":{"line":114,"column":55},"end":{"line":114,"column":62}},"68":{"start":{"line":115,"column":33},"end":{"line":115,"column":63}},"69":{"start":{"line":116,"column":36},"end":{"line":116,"column":48}},"70":{"start":{"line":118,"column":20},"end":{"line":118,"column":49}},"71":{"start":{"line":119,"column":20},"end":{"line":119,"column":39}},"72":{"start":{"line":120,"column":20},"end":{"line":120,"column":82}},"73":{"start":{"line":121,"column":20},"end":{"line":121,"column":52}},"74":{"start":{"line":123,"column":16},"end":{"line":123,"column":72}},"75":{"start":{"line":124,"column":16},"end":{"line":124,"column":22}},"76":{"start":{"line":127,"column":16},"end":{"line":141,"column":19}},"77":{"start":{"line":128,"column":20},"end":{"line":128,"column":62}},"78":{"start":{"line":128,"column":55},"end":{"line":128,"column":62}},"79":{"start":{"line":129,"column":33},"end":{"line":129,"column":63}},"80":{"start":{"line":131,"column":38},"end":{"line":131,"column":113}},"81":{"start":{"line":131,"column":68},"end":{"line":131,"column":112}},"82":{"start":{"line":132,"column":20},"end":{"line":135,"column":21}},"83":{"start":{"line":133,"column":24},"end":{"line":133,"column":76}},"84":{"start":{"line":134,"column":24},"end":{"line":134,"column":31}},"85":{"start":{"line":137,"column":40},"end":{"line":137,"column":83}},"86":{"start":{"line":138,"column":20},"end":{"line":138,"column":50}},"87":{"start":{"line":139,"column":20},"end":{"line":139,"column":82}},"88":{"start":{"line":140,"column":20},"end":{"line":140,"column":56}},"89":{"start":{"line":142,"column":16},"end":{"line":142,"column":75}},"90":{"start":{"line":143,"column":16},"end":{"line":143,"column":22}},"91":{"start":{"line":146,"column":16},"end":{"line":160,"column":19}},"92":{"start":{"line":147,"column":20},"end":{"line":147,"column":62}},"93":{"start":{"line":147,"column":55},"end":{"line":147,"column":62}},"94":{"start":{"line":148,"column":33},"end":{"line":148,"column":63}},"95":{"start":{"line":150,"column":38},"end":{"line":150,"column":113}},"96":{"start":{"line":150,"column":68},"end":{"line":150,"column":112}},"97":{"start":{"line":151,"column":20},"end":{"line":154,"column":21}},"98":{"start":{"line":152,"column":24},"end":{"line":152,"column":76}},"99":{"start":{"line":153,"column":24},"end":{"line":153,"column":31}},"100":{"start":{"line":156,"column":40},"end":{"line":156,"column":79}},"101":{"start":{"line":157,"column":20},"end":{"line":157,"column":50}},"102":{"start":{"line":158,"column":20},"end":{"line":158,"column":82}},"103":{"start":{"line":159,"column":20},"end":{"line":159,"column":56}},"104":{"start":{"line":161,"column":16},"end":{"line":161,"column":77}},"105":{"start":{"line":162,"column":16},"end":{"line":162,"column":22}},"106":{"start":{"line":165,"column":16},"end":{"line":177,"column":19}},"107":{"start":{"line":166,"column":20},"end":{"line":166,"column":62}},"108":{"start":{"line":166,"column":55},"end":{"line":166,"column":62}},"109":{"start":{"line":167,"column":33},"end":{"line":167,"column":63}},"110":{"start":{"line":169,"column":38},"end":{"line":169,"column":113}},"111":{"start":{"line":169,"column":68},"end":{"line":169,"column":112}},"112":{"start":{"line":170,"column":20},"end":{"line":173,"column":21}},"113":{"start":{"line":171,"column":24},"end":{"line":171,"column":76}},"114":{"start":{"line":172,"column":24},"end":{"line":172,"column":31}},"115":{"start":{"line":174,"column":20},"end":{"line":174,"column":46}},"116":{"start":{"line":175,"column":20},"end":{"line":175,"column":82}},"117":{"start":{"line":176,"column":20},"end":{"line":176,"column":45}},"118":{"start":{"line":178,"column":16},"end":{"line":178,"column":78}},"119":{"start":{"line":179,"column":16},"end":{"line":179,"column":22}},"120":{"start":{"line":184,"column":22},"end":{"line":206,"column":1}},"121":{"start":{"line":185,"column":22},"end":{"line":185,"column":45}},"122":{"start":{"line":186,"column":4},"end":{"line":204,"column":5}},"123":{"start":{"line":187,"column":8},"end":{"line":202,"column":9}},"124":{"start":{"line":189,"column":16},"end":{"line":189,"column":63}},"125":{"start":{"line":190,"column":16},"end":{"line":190,"column":22}},"126":{"start":{"line":192,"column":16},"end":{"line":192,"column":66}},"127":{"start":{"line":193,"column":16},"end":{"line":193,"column":22}},"128":{"start":{"line":195,"column":16},"end":{"line":195,"column":66}},"129":{"start":{"line":196,"column":16},"end":{"line":196,"column":22}},"130":{"start":{"line":198,"column":16},"end":{"line":198,"column":63}},"131":{"start":{"line":199,"column":16},"end":{"line":199,"column":22}},"132":{"start":{"line":201,"column":16},"end":{"line":201,"column":65}},"133":{"start":{"line":203,"column":8},"end":{"line":203,"column":20}},"134":{"start":{"line":205,"column":4},"end":{"line":205,"column":17}},"135":{"start":{"line":208,"column":25},"end":{"line":210,"column":1}},"136":{"start":{"line":209,"column":4},"end":{"line":209,"column":57}},"137":{"start":{"line":212,"column":32},"end":{"line":217,"column":1}},"138":{"start":{"line":213,"column":4},"end":{"line":213,"column":34}},"139":{"start":{"line":213,"column":22},"end":{"line":213,"column":34}},"140":{"start":{"line":214,"column":4},"end":{"line":216,"column":7}},"141":{"start":{"line":215,"column":8},"end":{"line":215,"column":84}},"142":{"start":{"line":215,"column":53},"end":{"line":215,"column":82}},"143":{"start":{"line":219,"column":21},"end":{"line":239,"column":1}},"144":{"start":{"line":220,"column":23},"end":{"line":220,"column":27}},"145":{"start":{"line":222,"column":4},"end":{"line":225,"column":5}},"146":{"start":{"line":223,"column":8},"end":{"line":223,"column":83}},"147":{"start":{"line":224,"column":8},"end":{"line":224,"column":28}},"148":{"start":{"line":228,"column":4},"end":{"line":235,"column":5}},"149":{"start":{"line":229,"column":8},"end":{"line":234,"column":11}},"150":{"start":{"line":230,"column":32},"end":{"line":230,"column":80}},"151":{"start":{"line":231,"column":12},"end":{"line":233,"column":13}},"152":{"start":{"line":232,"column":16},"end":{"line":232,"column":118}},"153":{"start":{"line":232,"column":59},"end":{"line":232,"column":116}},"154":{"start":{"line":238,"column":4},"end":{"line":238,"column":76}},"155":{"start":{"line":238,"column":37},"end":{"line":238,"column":74}}},"fnMap":{"0":{"name":"(anonymous_1)","decl":{"start":{"line":10,"column":37},"end":{"line":10,"column":38}},"loc":{"start":{"line":10,"column":96},"end":{"line":45,"column":1}}},"1":{"name":"(anonymous_2)","decl":{"start":{"line":12,"column":64},"end":{"line":12,"column":65}},"loc":{"start":{"line":12,"column":90},"end":{"line":15,"column":6}}},"2":{"name":"(anonymous_3)","decl":{"start":{"line":18,"column":65},"end":{"line":18,"column":66}},"loc":{"start":{"line":18,"column":86},"end":{"line":18,"column":116}}},"3":{"name":"(anonymous_4)","decl":{"start":{"line":21,"column":25},"end":{"line":21,"column":26}},"loc":{"start":{"line":21,"column":51},"end":{"line":28,"column":5}}},"4":{"name":"(anonymous_5)","decl":{"start":{"line":31,"column":25},"end":{"line":31,"column":26}},"loc":{"start":{"line":31,"column":51},"end":{"line":38,"column":5}}},"5":{"name":"(anonymous_6)","decl":{"start":{"line":41,"column":18},"end":{"line":41,"column":21}},"loc":{"start":{"line":41,"column":23},"end":{"line":44,"column":5}}},"6":{"name":"(anonymous_7)","decl":{"start":{"line":46,"column":26},"end":{"line":46,"column":27}},"loc":{"start":{"line":46,"column":83},"end":{"line":49,"column":1}}},"7":{"name":"(anonymous_8)","decl":{"start":{"line":51,"column":32},"end":{"line":51,"column":33}},"loc":{"start":{"line":51,"column":126},"end":{"line":67,"column":1}}},"8":{"name":"(anonymous_9)","decl":{"start":{"line":55,"column":36},"end":{"line":55,"column":42}},"loc":{"start":{"line":55,"column":45},"end":{"line":64,"column":5}}},"9":{"name":"(anonymous_10)","decl":{"start":{"line":69,"column":23},"end":{"line":69,"column":24}},"loc":{"start":{"line":69,"column":164},"end":{"line":182,"column":1}}},"10":{"name":"(anonymous_11)","decl":{"start":{"line":70,"column":19},"end":{"line":70,"column":24}},"loc":{"start":{"line":70,"column":27},"end":{"line":181,"column":5}}},"11":{"name":"(anonymous_12)","decl":{"start":{"line":76,"column":66},"end":{"line":76,"column":71}},"loc":{"start":{"line":76,"column":91},"end":{"line":94,"column":17}}},"12":{"name":"(anonymous_13)","decl":{"start":{"line":81,"column":47},"end":{"line":81,"column":53}},"loc":{"start":{"line":81,"column":56},"end":{"line":88,"column":25}}},"13":{"name":"(anonymous_14)","decl":{"start":{"line":86,"column":67},"end":{"line":86,"column":71}},"loc":{"start":{"line":86,"column":75},"end":{"line":86,"column":140}}},"14":{"name":"(anonymous_15)","decl":{"start":{"line":100,"column":74},"end":{"line":100,"column":79}},"loc":{"start":{"line":100,"column":99},"end":{"line":107,"column":21}}},"15":{"name":"(anonymous_16)","decl":{"start":{"line":113,"column":67},"end":{"line":113,"column":72}},"loc":{"start":{"line":113,"column":92},"end":{"line":122,"column":17}}},"16":{"name":"(anonymous_17)","decl":{"start":{"line":127,"column":76},"end":{"line":127,"column":81}},"loc":{"start":{"line":127,"column":101},"end":{"line":141,"column":17}}},"17":{"name":"(anonymous_18)","decl":{"start":{"line":131,"column":53},"end":{"line":131,"column":54}},"loc":{"start":{"line":131,"column":68},"end":{"line":131,"column":112}}},"18":{"name":"(anonymous_19)","decl":{"start":{"line":146,"column":78},"end":{"line":146,"column":83}},"loc":{"start":{"line":146,"column":103},"end":{"line":160,"column":17}}},"19":{"name":"(anonymous_20)","decl":{"start":{"line":150,"column":53},"end":{"line":150,"column":54}},"loc":{"start":{"line":150,"column":68},"end":{"line":150,"column":112}}},"20":{"name":"(anonymous_21)","decl":{"start":{"line":165,"column":79},"end":{"line":165,"column":84}},"loc":{"start":{"line":165,"column":104},"end":{"line":177,"column":17}}},"21":{"name":"(anonymous_22)","decl":{"start":{"line":169,"column":53},"end":{"line":169,"column":54}},"loc":{"start":{"line":169,"column":68},"end":{"line":169,"column":112}}},"22":{"name":"(anonymous_23)","decl":{"start":{"line":184,"column":22},"end":{"line":184,"column":23}},"loc":{"start":{"line":184,"column":60},"end":{"line":206,"column":1}}},"23":{"name":"(anonymous_24)","decl":{"start":{"line":208,"column":25},"end":{"line":208,"column":26}},"loc":{"start":{"line":208,"column":46},"end":{"line":210,"column":1}}},"24":{"name":"(anonymous_25)","decl":{"start":{"line":212,"column":32},"end":{"line":212,"column":33}},"loc":{"start":{"line":212,"column":66},"end":{"line":217,"column":1}}},"25":{"name":"(anonymous_26)","decl":{"start":{"line":214,"column":23},"end":{"line":214,"column":24}},"loc":{"start":{"line":214,"column":37},"end":{"line":216,"column":5}}},"26":{"name":"(anonymous_27)","decl":{"start":{"line":215,"column":46},"end":{"line":215,"column":49}},"loc":{"start":{"line":215,"column":53},"end":{"line":215,"column":82}}},"27":{"name":"(anonymous_28)","decl":{"start":{"line":219,"column":21},"end":{"line":219,"column":22}},"loc":{"start":{"line":219,"column":113},"end":{"line":239,"column":1}}},"28":{"name":"(anonymous_29)","decl":{"start":{"line":229,"column":31},"end":{"line":229,"column":37}},"loc":{"start":{"line":229,"column":40},"end":{"line":234,"column":9}}},"29":{"name":"(anonymous_30)","decl":{"start":{"line":232,"column":51},"end":{"line":232,"column":55}},"loc":{"start":{"line":232,"column":59},"end":{"line":232,"column":116}}},"30":{"name":"(anonymous_31)","decl":{"start":{"line":238,"column":29},"end":{"line":238,"column":33}},"loc":{"start":{"line":238,"column":37},"end":{"line":238,"column":74}}}},"branchMap":{"0":{"loc":{"start":{"line":24,"column":8},"end":{"line":27,"column":9}},"type":"if","locations":[{"start":{"line":24,"column":8},"end":{"line":27,"column":9}}]},"1":{"loc":{"start":{"line":35,"column":8},"end":{"line":37,"column":9}},"type":"if","locations":[{"start":{"line":35,"column":8},"end":{"line":37,"column":9}}]},"2":{"loc":{"start":{"line":57,"column":8},"end":{"line":63,"column":9}},"type":"if","locations":[{"start":{"line":57,"column":8},"end":{"line":63,"column":9}},{"start":{"line":60,"column":15},"end":{"line":63,"column":9}}]},"3":{"loc":{"start":{"line":62,"column":33},"end":{"line":62,"column":53}},"type":"binary-expr","locations":[{"start":{"line":62,"column":33},"end":{"line":62,"column":36}},{"start":{"line":62,"column":40},"end":{"line":62,"column":53}}]},"4":{"loc":{"start":{"line":73,"column":8},"end":{"line":180,"column":9}},"type":"switch","locations":[{"start":{"line":74,"column":12},"end":{"line":110,"column":22}},{"start":{"line":112,"column":12},"end":{"line":124,"column":22}},{"start":{"line":126,"column":12},"end":{"line":143,"column":22}},{"start":{"line":145,"column":12},"end":{"line":162,"column":22}},{"start":{"line":164,"column":12},"end":{"line":179,"column":22}}]},"5":{"loc":{"start":{"line":77,"column":20},"end":{"line":77,"column":62}},"type":"if","locations":[{"start":{"line":77,"column":20},"end":{"line":77,"column":62}}]},"6":{"loc":{"start":{"line":80,"column":20},"end":{"line":89,"column":21}},"type":"if","locations":[{"start":{"line":80,"column":20},"end":{"line":89,"column":21}}]},"7":{"loc":{"start":{"line":80,"column":24},"end":{"line":80,"column":67}},"type":"binary-expr","locations":[{"start":{"line":80,"column":24},"end":{"line":80,"column":38}},{"start":{"line":80,"column":42},"end":{"line":80,"column":67}}]},"8":{"loc":{"start":{"line":82,"column":48},"end":{"line":82,"column":96}},"type":"binary-expr","locations":[{"start":{"line":82,"column":48},"end":{"line":82,"column":79}},{"start":{"line":82,"column":83},"end":{"line":82,"column":96}}]},"9":{"loc":{"start":{"line":84,"column":28},"end":{"line":87,"column":29}},"type":"if","locations":[{"start":{"line":84,"column":28},"end":{"line":87,"column":29}}]},"10":{"loc":{"start":{"line":97,"column":16},"end":{"line":109,"column":17}},"type":"if","locations":[{"start":{"line":97,"column":16},"end":{"line":109,"column":17}}]},"11":{"loc":{"start":{"line":101,"column":24},"end":{"line":101,"column":66}},"type":"if","locations":[{"start":{"line":101,"column":24},"end":{"line":101,"column":66}}]},"12":{"loc":{"start":{"line":106,"column":37},"end":{"line":106,"column":53}},"type":"cond-expr","locations":[{"start":{"line":106,"column":44},"end":{"line":106,"column":47}},{"start":{"line":106,"column":50},"end":{"line":106,"column":53}}]},"13":{"loc":{"start":{"line":106,"column":60},"end":{"line":106,"column":95}},"type":"binary-expr","locations":[{"start":{"line":106,"column":60},"end":{"line":106,"column":64}},{"start":{"line":106,"column":68},"end":{"line":106,"column":95}}]},"14":{"loc":{"start":{"line":114,"column":20},"end":{"line":114,"column":62}},"type":"if","locations":[{"start":{"line":114,"column":20},"end":{"line":114,"column":62}}]},"15":{"loc":{"start":{"line":128,"column":20},"end":{"line":128,"column":62}},"type":"if","locations":[{"start":{"line":128,"column":20},"end":{"line":128,"column":62}}]},"16":{"loc":{"start":{"line":132,"column":20},"end":{"line":135,"column":21}},"type":"if","locations":[{"start":{"line":132,"column":20},"end":{"line":135,"column":21}}]},"17":{"loc":{"start":{"line":147,"column":20},"end":{"line":147,"column":62}},"type":"if","locations":[{"start":{"line":147,"column":20},"end":{"line":147,"column":62}}]},"18":{"loc":{"start":{"line":151,"column":20},"end":{"line":154,"column":21}},"type":"if","locations":[{"start":{"line":151,"column":20},"end":{"line":154,"column":21}}]},"19":{"loc":{"start":{"line":166,"column":20},"end":{"line":166,"column":62}},"type":"if","locations":[{"start":{"line":166,"column":20},"end":{"line":166,"column":62}}]},"20":{"loc":{"start":{"line":170,"column":20},"end":{"line":173,"column":21}},"type":"if","locations":[{"start":{"line":170,"column":20},"end":{"line":173,"column":21}}]},"21":{"loc":{"start":{"line":186,"column":4},"end":{"line":204,"column":5}},"type":"if","locations":[{"start":{"line":186,"column":4},"end":{"line":204,"column":5}}]},"22":{"loc":{"start":{"line":187,"column":8},"end":{"line":202,"column":9}},"type":"switch","locations":[{"start":{"line":188,"column":12},"end":{"line":190,"column":22}},{"start":{"line":191,"column":12},"end":{"line":193,"column":22}},{"start":{"line":194,"column":12},"end":{"line":196,"column":22}},{"start":{"line":197,"column":12},"end":{"line":199,"column":22}},{"start":{"line":200,"column":12},"end":{"line":201,"column":65}}]},"23":{"loc":{"start":{"line":213,"column":4},"end":{"line":213,"column":34}},"type":"if","locations":[{"start":{"line":213,"column":4},"end":{"line":213,"column":34}}]},"24":{"loc":{"start":{"line":222,"column":4},"end":{"line":225,"column":5}},"type":"if","locations":[{"start":{"line":222,"column":4},"end":{"line":225,"column":5}}]},"25":{"loc":{"start":{"line":228,"column":4},"end":{"line":235,"column":5}},"type":"if","locations":[{"start":{"line":228,"column":4},"end":{"line":235,"column":5}}]},"26":{"loc":{"start":{"line":228,"column":8},"end":{"line":228,"column":51}},"type":"binary-expr","locations":[{"start":{"line":228,"column":8},"end":{"line":228,"column":22}},{"start":{"line":228,"column":26},"end":{"line":228,"column":51}}]},"27":{"loc":{"start":{"line":230,"column":32},"end":{"line":230,"column":80}},"type":"binary-expr","locations":[{"start":{"line":230,"column":32},"end":{"line":230,"column":63}},{"start":{"line":230,"column":67},"end":{"line":230,"column":80}}]},"28":{"loc":{"start":{"line":231,"column":12},"end":{"line":233,"column":13}},"type":"if","locations":[{"start":{"line":231,"column":12},"end":{"line":233,"column":13}}]}},"s":{"0":1,"1":1,"2":1,"3":1,"4":1,"5":1,"6":2,"7":2,"8":6,"9":2,"10":6,"11":2,"12":2,"13":2,"14":2,"15":2,"16":2,"17":2,"18":4,"19":4,"20":4,"21":4,"22":4,"23":2,"24":2,"25":2,"26":1,"27":1,"28":6,"29":6,"30":1,"31":4,"32":12,"33":12,"34":6,"35":6,"36":4,"37":1,"38":6,"39":22,"40":22,"41":6,"42":0,"43":0,"44":0,"45":0,"46":0,"47":0,"48":0,"49":0,"50":0,"51":0,"52":0,"53":6,"54":6,"55":4,"56":4,"57":0,"58":0,"59":0,"60":0,"61":0,"62":0,"63":4,"64":6,"65":4,"66":0,"67":0,"68":0,"69":0,"70":0,"71":0,"72":0,"73":0,"74":4,"75":4,"76":4,"77":0,"78":0,"79":0,"80":0,"81":0,"82":0,"83":0,"84":0,"85":0,"86":0,"87":0,"88":0,"89":4,"90":4,"91":4,"92":0,"93":0,"94":0,"95":0,"96":0,"97":0,"98":0,"99":0,"100":0,"101":0,"102":0,"103":0,"104":4,"105":4,"106":4,"107":0,"108":0,"109":0,"110":0,"111":0,"112":0,"113":0,"114":0,"115":0,"116":0,"117":0,"118":4,"119":4,"120":1,"121":0,"122":0,"123":0,"124":0,"125":0,"126":0,"127":0,"128":0,"129":0,"130":0,"131":0,"132":0,"133":0,"134":0,"135":1,"136":0,"137":1,"138":0,"139":0,"140":0,"141":0,"142":0,"143":1,"144":0,"145":0,"146":0,"147":0,"148":0,"149":0,"150":0,"151":0,"152":0,"153":0,"154":0,"155":0},"f":{"0":2,"1":6,"2":6,"3":2,"4":4,"5":2,"6":6,"7":4,"8":12,"9":6,"10":22,"11":0,"12":0,"13":0,"14":0,"15":0,"16":0,"17":0,"18":0,"19":0,"20":0,"21":0,"22":0,"23":0,"24":0,"25":0,"26":0,"27":0,"28":0,"29":0,"30":0},"b":{"0":[2],"1":[4],"2":[6,6],"3":[6,0],"4":[6,4,4,4,4],"5":[0],"6":[0],"7":[0,0],"8":[0,0],"9":[0],"10":[4],"11":[0],"12":[0,0],"13":[0,0],"14":[0],"15":[0],"16":[0],"17":[0],"18":[0],"19":[0],"20":[0],"21":[0],"22":[0,0,0,0,0],"23":[0],"24":[0],"25":[0],"26":[0,0],"27":[0,0],"28":[0]}}
,"/Users/sanpro/Development/react/todo-list-front/mockserver/utils/partition.ts": {"path":"/Users/sanpro/Development/react/todo-list-front/mockserver/utils/partition.ts","statementMap":{"0":{"start":{"line":3,"column":25},"end":{"line":16,"column":1}},"1":{"start":{"line":4,"column":22},"end":{"line":4,"column":24}},"2":{"start":{"line":5,"column":22},"end":{"line":5,"column":24}},"3":{"start":{"line":7,"column":4},"end":{"line":13,"column":7}},"4":{"start":{"line":8,"column":8},"end":{"line":12,"column":9}},"5":{"start":{"line":9,"column":12},"end":{"line":9,"column":28}},"6":{"start":{"line":11,"column":12},"end":{"line":11,"column":28}},"7":{"start":{"line":15,"column":4},"end":{"line":15,"column":24}},"8":{"start":{"line":3,"column":13},"end":{"line":3,"column":25}}},"fnMap":{"0":{"name":"(anonymous_0)","decl":{"start":{"line":3,"column":25},"end":{"line":3,"column":29}},"loc":{"start":{"line":3,"column":87},"end":{"line":16,"column":1}}},"1":{"name":"(anonymous_1)","decl":{"start":{"line":7,"column":17},"end":{"line":7,"column":21}},"loc":{"start":{"line":7,"column":24},"end":{"line":13,"column":5}}}},"branchMap":{"0":{"loc":{"start":{"line":8,"column":8},"end":{"line":12,"column":9}},"type":"if","locations":[{"start":{"line":8,"column":8},"end":{"line":12,"column":9}},{"start":{"line":10,"column":15},"end":{"line":12,"column":9}}]}},"s":{"0":1,"1":2,"2":2,"3":2,"4":6,"5":4,"6":2,"7":2,"8":1},"f":{"0":2,"1":6},"b":{"0":[4,2]}}
,"/Users/sanpro/Development/react/todo-list-front/mockserver/utils/swagger-schema.ts": {"path":"/Users/sanpro/Development/react/todo-list-front/mockserver/utils/swagger-schema.ts","statementMap":{"0":{"start":{"line":4,"column":37},"end":{"line":74,"column":1}},"1":{"start":{"line":10,"column":38},"end":{"line":32,"column":6}},"2":{"start":{"line":34,"column":4},"end":{"line":40,"column":5}},"3":{"start":{"line":35,"column":8},"end":{"line":39,"column":10}},"4":{"start":{"line":42,"column":4},"end":{"line":44,"column":5}},"5":{"start":{"line":43,"column":8},"end":{"line":43,"column":42}},"6":{"start":{"line":46,"column":39},"end":{"line":71,"column":6}},"7":{"start":{"line":73,"column":4},"end":{"line":73,"column":64}},"8":{"start":{"line":4,"column":13},"end":{"line":4,"column":37}}},"fnMap":{"0":{"name":"(anonymous_0)","decl":{"start":{"line":4,"column":37},"end":{"line":4,"column":null}},"loc":{"start":{"line":9,"column":52},"end":{"line":74,"column":1}}}},"branchMap":{"0":{"loc":{"start":{"line":16,"column":22},"end":{"line":16,"column":59}},"type":"cond-expr","locations":[{"start":{"line":16,"column":41},"end":{"line":16,"column":48}},{"start":{"line":16,"column":51},"end":{"line":16,"column":59}}]},"1":{"loc":{"start":{"line":17,"column":20},"end":{"line":17,"column":97}},"type":"binary-expr","locations":[{"start":{"line":17,"column":20},"end":{"line":17,"column":36}},{"start":{"line":17,"column":40},"end":{"line":17,"column":97}}]},"2":{"loc":{"start":{"line":18,"column":20},"end":{"line":22,"column":18}},"type":"binary-expr","locations":[{"start":{"line":18,"column":20},"end":{"line":18,"column":36}},{"start":{"line":18,"column":40},"end":{"line":22,"column":18}}]},"3":{"loc":{"start":{"line":34,"column":4},"end":{"line":40,"column":5}},"type":"if","locations":[{"start":{"line":34,"column":4},"end":{"line":40,"column":5}}]},"4":{"loc":{"start":{"line":42,"column":4},"end":{"line":44,"column":5}},"type":"if","locations":[{"start":{"line":42,"column":4},"end":{"line":44,"column":5}}]},"5":{"loc":{"start":{"line":42,"column":8},"end":{"line":42,"column":46}},"type":"binary-expr","locations":[{"start":{"line":42,"column":8},"end":{"line":42,"column":25}},{"start":{"line":42,"column":29},"end":{"line":42,"column":46}}]}},"s":{"0":1,"1":22,"2":22,"3":12,"4":22,"5":6,"6":16,"7":16,"8":1},"f":{"0":22},"b":{"0":[6,16],"1":[22,6],"2":[22,16],"3":[12],"4":[6],"5":[22,20]}}
}
