TN:
SF:mockserver/config/mockserver.config.ts
FNF:0
FNH:0
DA:3,1
DA:34,1
LF:2
LH:2
BRF:0
BRH:0
end_of_record
TN:
SF:mockserver/routes/dynamicRoutes.ts
FN:10,(anonymous_1)
FN:12,(anonymous_2)
FN:18,(anonymous_3)
FN:21,(anonymous_4)
FN:31,(anonymous_5)
FN:41,(anonymous_6)
FN:46,(anonymous_7)
FN:51,(anonymous_8)
FN:55,(anonymous_9)
FN:69,(anonymous_10)
FN:70,(anonymous_11)
FN:76,(anonymous_12)
FN:81,(anonymous_13)
FN:86,(anonymous_14)
FN:100,(anonymous_15)
FN:113,(anonymous_16)
FN:127,(anonymous_17)
FN:131,(anonymous_18)
FN:146,(anonymous_19)
FN:150,(anonymous_20)
FN:165,(anonymous_21)
FN:169,(anonymous_22)
FN:184,(anonymous_23)
FN:208,(anonymous_24)
FN:212,(anonymous_25)
FN:214,(anonymous_26)
FN:215,(anonymous_27)
FN:219,(anonymous_28)
FN:229,(anonymous_29)
FN:232,(anonymous_30)
FN:238,(anonymous_31)
FNF:31
FNH:11
FNDA:2,(anonymous_1)
FNDA:6,(anonymous_2)
FNDA:6,(anonymous_3)
FNDA:2,(anonymous_4)
FNDA:4,(anonymous_5)
FNDA:2,(anonymous_6)
FNDA:6,(anonymous_7)
FNDA:4,(anonymous_8)
FNDA:12,(anonymous_9)
FNDA:6,(anonymous_10)
FNDA:22,(anonymous_11)
FNDA:0,(anonymous_12)
FNDA:0,(anonymous_13)
FNDA:0,(anonymous_14)
FNDA:0,(anonymous_15)
FNDA:0,(anonymous_16)
FNDA:0,(anonymous_17)
FNDA:0,(anonymous_18)
FNDA:0,(anonymous_19)
FNDA:0,(anonymous_20)
FNDA:0,(anonymous_21)
FNDA:0,(anonymous_22)
FNDA:0,(anonymous_23)
FNDA:0,(anonymous_24)
FNDA:0,(anonymous_25)
FNDA:0,(anonymous_26)
FNDA:0,(anonymous_27)
FNDA:0,(anonymous_28)
FNDA:0,(anonymous_29)
FNDA:0,(anonymous_30)
FNDA:0,(anonymous_31)
DA:2,1
DA:3,1
DA:4,1
DA:6,1
DA:7,1
DA:10,1
DA:11,2
DA:12,6
DA:18,6
DA:21,2
DA:22,2
DA:23,2
DA:24,2
DA:25,2
DA:26,2
DA:31,2
DA:32,4
DA:33,4
DA:34,4
DA:35,4
DA:36,4
DA:41,2
DA:42,2
DA:43,2
DA:46,1
DA:47,6
DA:48,6
DA:51,1
DA:55,4
DA:56,12
DA:57,12
DA:59,6
DA:62,6
DA:66,4
DA:69,1
DA:70,6
DA:71,22
DA:73,22
DA:76,6
DA:77,0
DA:79,0
DA:80,0
DA:81,0
DA:82,0
DA:84,0
DA:86,0
DA:92,0
DA:93,0
DA:95,6
DA:97,6
DA:99,4
DA:100,4
DA:101,0
DA:102,0
DA:104,0
DA:105,0
DA:106,0
DA:108,4
DA:110,6
DA:113,4
DA:114,0
DA:115,0
DA:116,0
DA:118,0
DA:119,0
DA:120,0
DA:121,0
DA:123,4
DA:124,4
DA:127,4
DA:128,0
DA:129,0
DA:131,0
DA:132,0
DA:133,0
DA:134,0
DA:137,0
DA:138,0
DA:139,0
DA:140,0
DA:142,4
DA:143,4
DA:146,4
DA:147,0
DA:148,0
DA:150,0
DA:151,0
DA:152,0
DA:153,0
DA:156,0
DA:157,0
DA:158,0
DA:159,0
DA:161,4
DA:162,4
DA:165,4
DA:166,0
DA:167,0
DA:169,0
DA:170,0
DA:171,0
DA:172,0
DA:174,0
DA:175,0
DA:176,0
DA:178,4
DA:179,4
DA:184,1
DA:185,0
DA:186,0
DA:187,0
DA:189,0
DA:190,0
DA:192,0
DA:193,0
DA:195,0
DA:196,0
DA:198,0
DA:199,0
DA:201,0
DA:203,0
DA:205,0
DA:208,1
DA:209,0
DA:212,1
DA:213,0
DA:214,0
DA:215,0
DA:219,1
DA:220,0
DA:222,0
DA:223,0
DA:224,0
DA:228,0
DA:229,0
DA:230,0
DA:231,0
DA:232,0
DA:238,0
LF:139
LH:61
BRDA:24,0,0,2
BRDA:35,1,0,4
BRDA:57,2,0,6
BRDA:57,2,1,6
BRDA:62,3,0,6
BRDA:62,3,1,0
BRDA:73,4,0,6
BRDA:73,4,1,4
BRDA:73,4,2,4
BRDA:73,4,3,4
BRDA:73,4,4,4
BRDA:77,5,0,0
BRDA:80,6,0,0
BRDA:80,7,0,0
BRDA:80,7,1,0
BRDA:82,8,0,0
BRDA:82,8,1,0
BRDA:84,9,0,0
BRDA:97,10,0,4
BRDA:101,11,0,0
BRDA:106,12,0,0
BRDA:106,12,1,0
BRDA:106,13,0,0
BRDA:106,13,1,0
BRDA:114,14,0,0
BRDA:128,15,0,0
BRDA:132,16,0,0
BRDA:147,17,0,0
BRDA:151,18,0,0
BRDA:166,19,0,0
BRDA:170,20,0,0
BRDA:186,21,0,0
BRDA:187,22,0,0
BRDA:187,22,1,0
BRDA:187,22,2,0
BRDA:187,22,3,0
BRDA:187,22,4,0
BRDA:213,23,0,0
BRDA:222,24,0,0
BRDA:228,25,0,0
BRDA:228,26,0,0
BRDA:228,26,1,0
BRDA:230,27,0,0
BRDA:230,27,1,0
BRDA:231,28,0,0
BRF:45
BRH:11
end_of_record
TN:
SF:mockserver/utils/partition.ts
FN:3,(anonymous_0)
FN:7,(anonymous_1)
FNF:2
FNH:2
FNDA:2,(anonymous_0)
FNDA:6,(anonymous_1)
DA:3,1
DA:4,2
DA:5,2
DA:7,2
DA:8,6
DA:9,4
DA:11,2
DA:15,2
LF:8
LH:8
BRDA:8,0,0,4
BRDA:8,0,1,2
BRF:2
BRH:2
end_of_record
TN:
SF:mockserver/utils/swagger-schema.ts
FN:4,(anonymous_0)
FNF:1
FNH:1
FNDA:22,(anonymous_0)
DA:4,1
DA:10,22
DA:34,22
DA:35,12
DA:42,22
DA:43,6
DA:46,16
DA:73,16
LF:8
LH:8
BRDA:16,0,0,6
BRDA:16,0,1,16
BRDA:17,1,0,22
BRDA:17,1,1,6
BRDA:18,2,0,22
BRDA:18,2,1,16
BRDA:34,3,0,12
BRDA:42,4,0,6
BRDA:42,5,0,22
BRDA:42,5,1,20
BRF:10
BRH:10
end_of_record
